e:\visual studio 2015\projects\latihanopengl\latihanopengl\debug\vc140.pdb
e:\visual studio 2015\projects\latihanopengl\latihanopengl\debug\vc140.idb
e:\visual studio 2015\projects\latihanopengl\latihanopengl\debug\kontrol.obj
e:\visual studio 2015\projects\latihanopengl\latihanopengl\debug\latihanebook.obj
e:\visual studio 2015\projects\latihanopengl\latihanopengl\debug\loadshader.obj
e:\visual studio 2015\projects\latihanopengl\latihanopengl\debug\loadtexture.obj
e:\visual studio 2015\projects\latihanopengl\latihanopengl\debug\main.obj
e:\visual studio 2015\projects\latihanopengl\latihanopengl\debug\test.obj
e:\visual studio 2015\projects\latihanopengl\latihanopengl\debug\loadobj.obj
e:\visual studio 2015\projects\latihanopengl\latihanopengl\debug\shader.obj
e:\visual studio 2015\projects\latihanopengl\latihanopengl\debug\texture.obj
e:\visual studio 2015\projects\latihanopengl\latihanopengl\debug\tutorial07.obj
e:\visual studio 2015\projects\latihanopengl\latihanopengl\debug\objloader.obj
e:\visual studio 2015\projects\latihanopengl\latihanopengl\debug\controls.obj
e:\visual studio 2015\projects\latihanopengl\debug\latihanopengl.ilk
e:\visual studio 2015\projects\latihanopengl\debug\latihanopengl.exe
e:\visual studio 2015\projects\latihanopengl\debug\latihanopengl.pdb
e:\visual studio 2015\projects\latihanopengl\latihanopengl\debug\latihanopengl.tlog\cl.command.1.tlog
e:\visual studio 2015\projects\latihanopengl\latihanopengl\debug\latihanopengl.tlog\cl.read.1.tlog
e:\visual studio 2015\projects\latihanopengl\latihanopengl\debug\latihanopengl.tlog\cl.write.1.tlog
e:\visual studio 2015\projects\latihanopengl\latihanopengl\debug\latihanopengl.tlog\link-cvtres.read.1.tlog
e:\visual studio 2015\projects\latihanopengl\latihanopengl\debug\latihanopengl.tlog\link-cvtres.write.1.tlog
e:\visual studio 2015\projects\latihanopengl\latihanopengl\debug\latihanopengl.tlog\link-rc.read.1.tlog
e:\visual studio 2015\projects\latihanopengl\latihanopengl\debug\latihanopengl.tlog\link-rc.write.1.tlog
e:\visual studio 2015\projects\latihanopengl\latihanopengl\debug\latihanopengl.tlog\link.7704-cvtres.read.1.tlog
e:\visual studio 2015\projects\latihanopengl\latihanopengl\debug\latihanopengl.tlog\link.7704-cvtres.write.1.tlog
e:\visual studio 2015\projects\latihanopengl\latihanopengl\debug\latihanopengl.tlog\link.7704-rc.read.1.tlog
e:\visual studio 2015\projects\latihanopengl\latihanopengl\debug\latihanopengl.tlog\link.7704-rc.write.1.tlog
e:\visual studio 2015\projects\latihanopengl\latihanopengl\debug\latihanopengl.tlog\link.7704.read.1.tlog
e:\visual studio 2015\projects\latihanopengl\latihanopengl\debug\latihanopengl.tlog\link.7704.write.1.tlog
e:\visual studio 2015\projects\latihanopengl\latihanopengl\debug\latihanopengl.tlog\link.command.1.tlog
e:\visual studio 2015\projects\latihanopengl\latihanopengl\debug\latihanopengl.tlog\link.read.1.tlog
e:\visual studio 2015\projects\latihanopengl\latihanopengl\debug\latihanopengl.tlog\link.write.1.tlog
